INFO  tasks.views  Task id=8 is update successfully.
INFO  tasks.views  Task id=8 is update successfully.
INFO  tasks.views  Task id=8 is update successfully.
INFO  tasks.views  2023-03-08 22:47:09,911 Task id=8 is update successfully.
INFO  tasks.views  2023-03-08 22:47:20,968 Task id=8 is update successfully.


WARNING  tasks.views  2023-03-08 22:49:12,972 Task id=8 is updating, executor user21 is busy
INFO  tasks.views  2023-03-08 22:54:51,344 Task id=8 is update successfully.
INFO  tasks.views  2023-03-08 22:56:46,245 Task id=11 is update successfully.
WARNING  tasks.views  2023-03-08 23:05:11,725 Task id=11 is updating, executor user21 is busy
INFO  tasks.views  2023-03-08 23:05:15,060 Task ('task 8') id=111  is update successfully.
INFO  tasks.views  2023-03-08 23:05:20,097 Task ('task 8') id=111  is update successfully.
WARNING  tasks.views  2023-03-08 23:07:00,616 Task id=11 is updating, executor user2 is busy
INFO  tasks.views  2023-03-08 23:07:05,803 Task ('task 8') id=11  is update successfully.
INFO  tasks.views  2023-03-08 23:07:11,753 Task ('task 8') id=11  is update successfully.
WARNING  tasks.views  2023-03-08 23:18:42,103 Task id=11 is updating, executor user2 is busy
INFO  tasks.views  2023-03-08 23:18:44,983 Task ('task 8') id=11  is update successfully.
INFO  tasks.views  2023-03-08 23:18:51,533 Task ('task 8') id=11  is update successfully.
INFO  tasks.views  2023-03-08 23:19:59,022 Task ('task 8') id=11  is update successfully.
INFO  tasks.views  2023-03-08 23:28:03,713 Task ('task 8') id=11  is update successfully.
INFO  tasks.views  2023-03-08 23:28:49,725 Task ('task 8') id=11  is update successfully.
INFO  tasks.views  2023-03-08 23:30:19,725 Task ('task 8') id=11  is update successfully.
INFO  tasks.views  2023-03-08 23:30:56,164 Task ('task 8') id=11  is update successfully.
INFO  tasks.views  2023-03-08 23:33:19,471 Task ('task 8') id=11  is update successfully.
INFO  tasks.views  2023-03-08 23:36:38,499 Task ('task 8') id=11  is update successfully.
INFO  tasks.views  2023-03-08 23:37:49,875 Task ('task 8') id=11  is update successfully.
INFO  tasks.views  2023-03-08 23:38:26,624 Task ('task 8') id=11  is update successfully.
INFO  tasks.views  2023-03-08 23:39:11,260 Task ('task 8') id=11  is update successfully.
INFO  tasks.views  2023-03-08 23:39:56,064 Task ('task 8') id=11  is update successfully.
INFO  tasks.views  2023-03-08 23:40:24,310 Task ('task 8') id=11  is update successfully.
INFO  tasks.views  2023-03-08 23:58:51,948 Task ('task 8') id=11  is update successfully.
INFO  tasks.models  2023-03-08 23:58:51,948 Task ('task 8') id=11 in work.
INFO  tasks.views  2023-03-08 23:59:20,656 Task ('task 8') id=11  is update successfully.
INFO  tasks.views  2023-03-09 00:09:24,837 Task ('task 8') id=11  is update successfully.
INFO  tasks.views  2023-03-09 00:09:54,854 Task ('task 8') id=11  is update successfully.
INFO  tasks.views  2023-03-09 00:24:49,505 Task ('task 8') id=11  is update successfully.
INFO  tasks.views  2023-03-09 00:25:50,228 Task ('task 8') id=11  is update successfully.
INFO  tasks.views  2023-03-09 00:27:57,925 Task ('task 8') id=11  is update successfully.
INFO  tasks.views  2023-03-09 00:32:05,756 Task ('task 8') id=11  is update successfully.
INFO  tasks.views  2023-03-09 00:36:24,909 Task ('task 8') id=11  is update successfully.
INFO  tasks.views  2023-03-09 00:36:53,631 Task ('task 8') id=11  is update successfully.
INFO  tasks.views  2023-03-09 00:40:18,594 Task ('task 8') id=11  is update successfully.
INFO  tasks.views  2023-03-09 00:42:11,568 Task ('task 8') id=11  is update successfully.
INFO  tasks.views  2023-03-09 00:44:18,198 Task ('task 5') id=8  is update successfully.
INFO  tasks.views  2023-03-09 00:49:02,356 Task ('task 5') id=8  is update successfully.
INFO  tasks.views  2023-03-09 00:49:35,032 Task ('task 5') id=8  is update successfully.
INFO  tasks.views  2023-03-09 00:51:27,923 Task ('task 5') id=8  is update successfully.
INFO  tasks.views  2023-03-09 01:00:15,369 Task ('task 5') id=8  is update successfully.
INFO  tasks.views  2023-03-09 01:01:34,810 Task ('task 5') id=8  is update successfully.
INFO  tasks.views  2023-03-09 01:02:18,570 Task ('task 5') id=8  is update successfully.
INFO  tasks.views  2023-03-09 01:05:00,614 Task ('task 5') id=8  is update successfully.
INFO  tasks.views  2023-03-09 01:05:49,257 Task ('task 5') id=8  is update successfully.
INFO  tasks.views  2023-03-09 01:05:54,667 Task ('task 5') id=8  is update successfully.
INFO  tasks.views  2023-03-09 01:06:52,180 Task ('task 5') id=8  is update successfully.
INFO  tasks.views  2023-03-09 01:09:28,074 Task ('task 5') id=8  is update successfully.
WARNING  tasks.models  2023-03-09 01:09:28,079 Task  id=8 is updating, old executor is  user111, new - None
INFO  tasks.views  2023-03-09 01:10:48,294 Task ('task 5') id=8  is update successfully.
INFO  tasks.views  2023-03-09 01:11:57,678 Task ('task 5') id=8  is update successfully.
INFO  tasks.views  2023-03-09 01:12:36,043 Task ('task 5') id=8  is update successfully.
WARNING  tasks.models  2023-03-09 01:12:36,048 Task 'task 5' id=8 is updating, old executor is  None, new - user111
INFO  tasks.views  2023-03-09 01:13:34,008 Task ('task 5') id=8  is update successfully.
INFO  tasks.models  2023-03-09 01:13:34,008 Task 'task 5' id=8 is updating, old executor is  user111, new - None
INFO  tasks.views  2023-03-09 10:26:17,302 Task ('task 7') id=10  is update successfully.
INFO  tasks.models  2023-03-09 10:26:17,319 Task 'task 7' id=10 is updating, old status is  в работе, new - план
INFO  tasks.views  2023-03-09 10:27:53,102 Task ('task 7') id=10  is update successfully.
INFO  tasks.models  2023-03-09 10:27:53,112 Task 'task 7' id=10 is updating, old status is 'план', new - 'в работе'
INFO  tasks.views  2023-03-09 10:46:34,711 Task 'Task 11' id=None is created
INFO  tasks.views  2023-03-09 10:49:07,495 Task 'Task 11' id=None is created
INFO  tasks.views  2023-03-09 12:05:13,087 Task 'Task 11' id=None is created
INFO  tasks.views  2023-03-09 12:08:24,914 Task 'Task 11' id=None is created
INFO  tasks.views  2023-03-09 12:19:33,226 Task 'task 000' id=None is created
INFO  tasks.models  2023-03-09 12:19:33,236 Task 'task 000' id=None is updating, 
INFO  tasks.views  2023-03-09 12:20:35,264 Task 'ooo' id=None is created
INFO  tasks.models  2023-03-09 12:20:35,264 Task 'ooo' id=<property object at 0x0000000003A90860> is updating, 
INFO  tasks.views  2023-03-09 12:30:42,046 Task 'task 2222'  is created
INFO  tasks.views  2023-03-09 12:31:21,170 Task ('task 2222') id=17  is update successfully.
INFO  tasks.views  2023-03-09 18:10:11,729 Task 'task 1'  is created
INFO  tasks.views  2023-03-09 18:37:10,918 Task 'task 1'  is created
INFO  tasks.views  2023-03-09 18:38:29,427 Task 'task 1'  is created
INFO  tasks.views  2023-03-09 18:41:29,214 Task 'task 1'  is created
INFO  tasks.views  2023-03-09 18:42:21,062 Task 'task 1'  is created
INFO  tasks.views  2023-03-09 18:43:35,726 Task 'task 1'  is created
INFO  tasks.views  2023-03-09 18:45:59,977 Task 'task 1'  is created
INFO  tasks.views  2023-03-09 18:48:15,597 Task 'task 1'  is created
INFO  tasks.views  2023-03-09 18:49:50,369 Task 'task 1'  is created
INFO  tasks.views  2023-03-09 18:50:47,486 Task ('task 1') id=18  is update successfully.
INFO  tasks.models  2023-03-09 18:50:47,486 Task 'task 1' id=18 is updating, old executor is  admin, new - None
INFO  tasks.models  2023-03-09 18:50:47,496 Task 'task 1' id=18 is updating, old status is 'None', new - 'plan'
INFO  tasks.views  2023-03-09 18:51:07,832 Task 'task 2'  is created
INFO  tasks.views  2023-03-09 18:51:23,152 Task ('task 2') id=19  is update successfully.
INFO  tasks.models  2023-03-09 18:51:23,152 Task 'task 2' id=19 is updating, old executor is  admin, new - user2
INFO  tasks.models  2023-03-09 18:51:23,152 Task 'task 2' id=19 is updating, old status is 'None', new - 'plan'
INFO  tasks.views  2023-03-09 18:51:41,824 Task 'task 3'  is created
INFO  tasks.views  2023-03-09 18:51:58,794 Task ('task 3') id=20  is update successfully.
INFO  tasks.models  2023-03-09 18:51:58,804 Task ('task 3') id=20 in work.
INFO  tasks.models  2023-03-09 18:51:58,804 Task 'task 3' id=20 is updating, old status is 'None', new - 'in_work'
INFO  tasks.views  2023-03-09 18:52:20,656 Task 'task 6'  is created
INFO  tasks.views  2023-03-09 18:52:43,127 Task ('task 6') id=21  is update successfully.
INFO  tasks.models  2023-03-09 18:52:43,137 Task 'task 6' id=21 is updating, old executor is  admin, new - user1
INFO  tasks.models  2023-03-09 18:52:43,137 Task 'task 6' id=21 is updating, old status is 'None', new - 'plan'
INFO  tasks.views  2023-03-10 20:22:28,013 Task ('task 2') id=19  is update successfully.
INFO  tasks.models  2023-03-10 20:22:28,013 Task ('task 2') id=19  is completed.
INFO  tasks.views  2023-03-10 20:22:40,473 Task ('task 2') id=19  is update successfully.
INFO  tasks.models  2023-03-10 20:22:40,483 Task 'task 2' id=19 is updating, old status is 'plan', new - 'completed'
INFO  tasks.views  2023-03-10 20:22:53,765 Task ('task 2') id=19  is update successfully.
INFO  tasks.models  2023-03-10 20:22:53,765 Task ('task 2') id=19  is completed.
INFO  tasks.views  2023-03-10 20:28:43,268 Task ('task 2') id=19  is update successfully.
INFO  tasks.models  2023-03-10 20:28:43,268 Task ('task 2') id=19  is completed.
INFO  tasks.views  2023-03-10 20:35:30,151 Task ('task 2') id=19  is update successfully.
INFO  tasks.models  2023-03-10 20:35:30,151 Task ('task 2') id=19  is completed.
INFO  tasks.views  2023-03-10 20:38:29,133 Task ('task 2') id=19  is update successfully.
INFO  tasks.models  2023-03-10 20:38:29,133 Task ('task 2') id=19  is completed.
INFO  tasks.views  2023-03-10 20:43:21,267 Task ('task 2') id=19  is update successfully.
INFO  tasks.models  2023-03-10 20:43:21,267 Task ('task 2') id=19 in work.
INFO  tasks.models  2023-03-10 20:43:21,277 Task 'task 2' id=19 is updating, old status is 'plan', new - 'in_work'
INFO  tasks.views  2023-03-10 20:43:34,929 Task ('task 2') id=19  is update successfully.
INFO  tasks.models  2023-03-10 20:43:34,939 Task 'task 2' id=19 is updating, old status is 'in_work', new - 'None'
INFO  tasks.views  2023-03-10 20:44:24,455 Task ('task 6') id=21  is update successfully.
INFO  tasks.views  2023-03-10 20:45:39,788 Task ('task 6') id=21  is update successfully.
INFO  tasks.models  2023-03-10 20:45:39,798 Task 'task 6' id=21 is updating, old executor is  user1, new - None
INFO  tasks.views  2023-03-10 20:45:54,367 Task ('task 6') id=21  is update successfully.
INFO  tasks.views  2023-03-10 21:30:38,268 Task 'test 2'  is created
INFO  tasks.views  2023-03-10 22:12:25,809 Task ('test 2') id=22  is update successfully.
INFO  tasks.models  2023-03-10 22:12:25,814 Task 'test 2' id=22 is updating, old executor is  admin, new - None
INFO  tasks.views  2023-03-10 22:12:39,169 Task ('test 2') id=22  is update successfully.
INFO  tasks.views  2023-03-10 22:12:58,639 Task ('test 2') id=22  is update successfully.
INFO  tasks.views  2023-03-10 22:41:16,466 Task ('test 2') id=22  is update successfully.
INFO  tasks.models  2023-03-10 22:41:16,471 Task 'test 2' id=22 is updating, old executor is  None, new - user1
INFO  tasks.models  2023-03-10 22:41:16,476 Task 'test 2' id=22 is updating, old status is 'None', new - 'plan'
INFO  tasks.views  2023-03-10 22:41:21,721 Task ('test 2') id=22  is update successfully.
WARNING  tasks.views  2023-03-10 22:41:40,141 Task id=22 is updating, executor admin is busy
INFO  tasks.views  2023-03-10 22:41:57,861 Task ('test 2') id=22  is update successfully.
INFO  tasks.models  2023-03-10 22:41:57,866 Task 'test 2' id=22 is updating, old executor is  user1, new - None
INFO  tasks.views  2023-03-10 22:42:17,946 Task ('test 2') id=22  is update successfully.
WARNING  tasks.views  2023-03-10 22:42:35,643 Task id=22 is updating, executor admin is busy
INFO  tasks.views  2023-03-10 22:42:50,163 Task ('test 2') id=22  is update successfully.
INFO  tasks.models  2023-03-10 22:42:50,173 Task 'test 2' id=22 is updating, old status is 'plan', new - 'None'
INFO  tasks.views  2023-03-10 22:43:36,803 Task ('test 2') id=22  is update successfully.
INFO  tasks.views  2023-03-10 22:44:00,410 Task ('test 2') id=22  is update successfully.
INFO  tasks.models  2023-03-10 22:44:00,415 Task 'test 2' id=22 is updating, old status is 'None', new - 'plan'
INFO  tasks.views  2023-03-10 22:44:18,140 Task ('test 2') id=22  is update successfully.
INFO  tasks.models  2023-03-10 22:44:18,145 Task 'test 2' id=22 is updating, old executor is  None, new - user2
WARNING  tasks.views  2023-03-10 22:44:24,717 Task id=22 is updating, executor admin is busy
WARNING  tasks.views  2023-03-10 22:49:46,318 Task id=22 is updating, executor admin is busy
INFO  tasks.views  2023-03-10 22:50:59,073 Task ('test 2') id=22  is update successfully.
INFO  tasks.models  2023-03-10 22:50:59,078 Task 'test 2' id=22 is updating, old executor is  user2, new - admin
INFO  tasks.views  2023-03-10 22:51:07,163 Task ('test 2') id=22  is update successfully.
INFO  tasks.models  2023-03-10 22:51:07,163 Task 'test 2' id=22 is updating, old executor is  admin, new - user2
INFO  tasks.views  2023-03-10 22:51:16,053 Task ('test 2') id=22  is update successfully.
INFO  tasks.models  2023-03-10 22:51:16,058 Task 'test 2' id=22 is updating, old executor is  user2, new - admin
INFO  tasks.views  2023-03-10 22:51:21,048 Task ('test 2') id=22  is update successfully.
INFO  tasks.models  2023-03-10 22:51:21,048 Task ('test 2') id=22 in work.
INFO  tasks.models  2023-03-10 22:51:21,058 Task 'test 2' id=22 is updating, old status is 'plan', new - 'in_work'
INFO  tasks.views  2023-03-10 22:52:16,621 Task ('test 2') id=22  is update successfully.
INFO  tasks.models  2023-03-10 22:52:16,626 Task 'test 2' id=22 is updating, old status is 'in_work', new - 'plan'
INFO  tasks.views  2023-03-11 01:13:01,234 Task ('test 2') id=22  is update successfully.
INFO  tasks.models  2023-03-11 01:13:01,239 Task 'test 2' id=22 is updating, old executor is  admin, new - user2
INFO  tasks.models  2023-03-11 01:13:01,239 Task 'test 2' id=22 is updating, old status is 'plan', new - 'in_work'
WARNING  tasks.views  2023-03-11 01:13:23,419 Task id=22 is updating, executor admin is busy
WARNING  tasks.views  2023-03-11 01:13:31,096 Task id=22 is updating, executor admin is busy
INFO  tasks.views  2023-03-11 01:13:49,923 Task ('test 2') id=22  is update successfully.
INFO  tasks.models  2023-03-11 01:13:49,928 Task 'test 2' id=22 is updating, old executor is  user2, new - admin
INFO  tasks.models  2023-03-11 01:13:49,933 Task 'test 2' id=22 is updating, old status is 'in_work', new - 'plan'
INFO  tasks.views  2023-03-11 01:16:52,362 Task ('test 2') id=22  is update successfully.
INFO  tasks.models  2023-03-11 01:16:52,372 Task 'test 2' id=22 is updating, old status is 'plan', new - 'None'
INFO  tasks.views  2023-03-11 01:17:07,977 Task ('test 2') id=22  is update successfully.
INFO  tasks.models  2023-03-11 01:17:07,982 Task 'test 2' id=22 is updating, old executor is  admin, new - None
INFO  tasks.views  2023-03-11 14:45:04,509 Task ('test 2') id=22  is update successfully.
INFO  tasks.models  2023-03-11 14:45:04,519 Task 'test 2' id=22 is updating, old executor is  None, new - user2
INFO  tasks.models  2023-03-11 14:45:04,519 Task 'test 2' id=22 is updating, old status is 'None', new - 'task_check'
INFO  tasks.views  2023-03-11 20:50:29,770 Task ('task 6') id=21  is update successfully.
INFO  tasks.models  2023-03-11 20:50:29,770 Task ('task 6') id=21  is completed.
INFO  tasks.models  2023-03-11 20:50:29,780 Task 'task 6' id=21 is updating, old executor is  None, new - user111
INFO  tasks.models  2023-03-11 20:50:29,780 Task 'task 6' id=21 is updating, old status is 'plan', new - 'completed'
INFO  tasks.views  2023-03-11 20:53:21,729 Task ('task 1') id=18  is update successfully.
INFO  tasks.views  2023-03-12 01:02:08,390 Task ('task 1') id=18  is update successfully.
INFO  tasks.views  2023-03-12 01:02:33,392 Task ('task 6') id=21  is update successfully.
INFO  tasks.models  2023-03-12 01:02:33,397 Task ('task 6') id=21  is completed.
INFO  tasks.views  2023-03-12 01:03:09,510 Task ('task 6') id=21  is update successfully.
INFO  tasks.models  2023-03-12 01:03:09,510 Task ('task 6') id=21 in work.
INFO  tasks.models  2023-03-12 01:03:09,520 Task 'task 6' id=21 is updating, old status is 'completed', new - 'in_work'
INFO  tasks.views  2023-03-12 01:13:07,237 Task ('task 6') id=21  is update successfully.
INFO  tasks.views  2023-03-12 01:13:48,678 Task ('task 6') id=21  is update successfully.
INFO  tasks.models  2023-03-12 01:13:48,678 Task ('task 6') id=21  is completed.
INFO  tasks.models  2023-03-12 01:13:48,688 Task 'task 6' id=21 is updating, old status is 'in_work', new - 'completed'
INFO  tasks.views  2023-03-12 01:14:16,290 Task ('task 6') id=21  is update successfully.
INFO  tasks.models  2023-03-12 01:14:16,295 Task 'task 6' id=21 is updating, old status is 'completed', new - 'in_work'
INFO  tasks.views  2023-03-12 01:15:54,804 Task 'task 11'  is created
INFO  tasks.views  2023-03-12 01:16:14,056 Task ('task 11') id=23  is update successfully.
INFO  tasks.models  2023-03-12 01:16:14,061 Task 'task 11' id=23 is updating, old status is 'None', new - 'plan'
INFO  tasks.views  2023-03-15 20:35:06,307 Task ('task 1') id=18  is update successfully.
INFO  tasks.views  2023-03-15 20:42:01,319 Task ('task 1') id=18  is update successfully.
INFO  tasks.views  2023-03-15 20:46:53,057 Task ('task 1') id=18  is update successfully.
INFO  tasks.views  2023-03-15 20:47:19,069 Task ('task 1') id=18  is update successfully.
INFO  tasks.views  2023-03-15 20:58:16,766 Task ('task 1') id=18  is update successfully.
INFO  tasks.views  2023-03-15 20:59:10,481 Task ('task 3') id=20  is update successfully.
INFO  tasks.views  2023-03-15 21:09:15,358 Task ('task 6') id=21  is update successfully.
INFO  tasks.models  2023-03-15 21:09:15,358 Task ('task 6') id=21  is completed.
INFO  tasks.models  2023-03-15 21:09:15,368 Task 'task 6' id=21 is updating, old status is 'in_work', new - 'completed'
INFO  tasks.models  2023-03-15 21:41:36,230 Project ('My test project') id=None  is completed.
INFO  tasks.models  2023-03-15 21:46:18,493 Project ('My test project') id=None  is completed.
INFO  tasks.models  2023-03-15 21:46:18,493 Project ('My test project') id=1  is completed.
INFO  tasks.models  2023-03-15 21:49:22,739 Project ('My test project') id=None  is completed.
INFO  tasks.models  2023-03-15 21:49:22,739 Project ('My test project') id=1  is completed.
INFO  tasks.models  2023-03-15 21:49:44,505 Project ('My test project') id=None  is completed.
INFO  tasks.models  2023-03-15 21:49:44,505 Project ('My test project') id=1  is completed.
INFO  tasks.models  2023-03-15 21:50:50,775 Project ('My test project') id=None  is completed.
INFO  tasks.models  2023-03-15 21:50:50,775 Project ('My test project') id=1  is completed.
INFO  tasks.models  2023-03-15 21:51:14,356 Project ('My test project') id=None  is completed.
INFO  tasks.models  2023-03-15 21:51:14,356 Project ('My test project') id=1  is completed.
INFO  tasks.models  2023-03-15 21:56:45,959 Project ('My test project') id=None  is completed.
INFO  tasks.models  2023-03-15 21:56:45,959 Project ('My test project') id=1  is completed.
INFO  tasks.models  2023-03-15 21:57:04,391 Project ('My test project') id=None  is completed.
INFO  tasks.models  2023-03-15 21:57:04,391 Project ('My test project') id=1  is completed.
INFO  tasks.models  2023-03-15 21:57:50,556 Project ('My test project') id=None  is completed.
INFO  tasks.models  2023-03-15 21:57:50,556 Project ('My test project') id=1  is completed.
INFO  tasks.models  2023-03-15 22:00:02,349 Project ('My test project') id=None  is completed.
INFO  tasks.models  2023-03-15 22:00:02,349 Project ('My test project') id=1  is completed.
INFO  tasks.models  2023-03-15 22:01:23,516 Project ('My test project') id=None  is completed.
INFO  tasks.models  2023-03-15 22:01:23,516 Project ('My test project') id=1  is completed.
INFO  tasks.models  2023-03-15 22:01:39,372 Project ('My test project') id=None  is completed.
INFO  tasks.models  2023-03-15 22:01:39,372 Project ('My test project') id=1  is completed.
INFO  tasks.models  2023-03-15 22:01:59,534 Project ('My test project') id=None  is completed.
INFO  tasks.models  2023-03-15 22:01:59,534 Project ('My test project') id=1  is completed.
INFO  tasks.models  2023-03-15 22:14:32,864 Project ('My test project') id=None  is completed.
INFO  tasks.models  2023-03-15 22:14:32,864 Project ('My test project') id=1  is completed.
INFO  tasks.models  2023-03-15 22:14:32,944 Sprint ('My test spint') id=None  is completed.
INFO  tasks.models  2023-03-15 22:17:03,336 Project ('My test project') id=None  is completed.
INFO  tasks.models  2023-03-15 22:17:03,336 Project ('My test project') id=1  is completed.
INFO  tasks.models  2023-03-15 22:17:03,416 Project ('My test project') id=None  is completed.
INFO  tasks.models  2023-03-15 22:17:03,416 Sprint ('My test spint') id=None  is completed.
INFO  tasks.models  2023-03-15 22:17:03,416 Sprint ('My test spint') id=1  is completed.
INFO  tasks.models  2023-03-15 22:17:29,850 Project ('My test project') id=None  is completed.
INFO  tasks.models  2023-03-15 22:17:29,850 Project ('My test project') id=1  is completed.
INFO  tasks.models  2023-03-15 22:17:29,930 Project ('My test project') id=None  is completed.
INFO  tasks.models  2023-03-15 22:19:15,185 Project ('My test project') id=None  is completed.
INFO  tasks.models  2023-03-15 22:19:15,185 Project ('My test project') id=1  is completed.
INFO  tasks.models  2023-03-15 22:19:15,265 Project ('My test project') id=None  is completed.
INFO  tasks.models  2023-03-15 22:19:15,265 Sprint ('My test spint') id=None  is completed.
INFO  tasks.models  2023-03-15 22:19:15,265 Sprint ('My test spint') id=1  is completed.
INFO  tasks.models  2023-03-15 22:19:26,389 Project ('My test project') id=None  is completed.
INFO  tasks.models  2023-03-15 22:19:26,389 Project ('My test project') id=1  is completed.
INFO  tasks.models  2023-03-15 22:19:26,469 Project ('My test project') id=None  is completed.
INFO  tasks.models  2023-03-15 22:19:40,045 Project ('My test project') id=None  is completed.
INFO  tasks.models  2023-03-15 22:19:40,045 Project ('My test project') id=1  is completed.
INFO  tasks.models  2023-03-15 22:19:40,125 Project ('My test project') id=None  is completed.
INFO  tasks.models  2023-03-15 22:19:40,125 Sprint ('My test spint') id=None  is completed.
INFO  tasks.models  2023-03-15 22:19:40,125 Sprint ('My test spint') id=1  is completed.
INFO  tasks.models  2023-03-15 22:22:29,373 Project ('My test project') id=None  is completed.
INFO  tasks.models  2023-03-15 22:22:29,373 Project ('My test project') id=1  is completed.
INFO  tasks.models  2023-03-15 22:22:29,453 Project ('My test project') id=None  is completed.
INFO  tasks.models  2023-03-15 22:22:29,453 Sprint ('My test spint') id=None  is completed.
INFO  tasks.models  2023-03-15 22:22:29,463 Sprint ('My test spint') id=1  is completed.
INFO  tasks.models  2023-03-15 22:24:33,022 Project ('My test project') id=None  is completed.
INFO  tasks.models  2023-03-15 22:24:33,022 Project ('My test project') id=1  is completed.
INFO  tasks.models  2023-03-15 22:24:33,102 Project ('My test project') id=None  is completed.
INFO  tasks.models  2023-03-15 22:24:33,102 Sprint ('My test spint') id=None  is completed.
INFO  tasks.models  2023-03-15 22:24:33,102 Sprint ('My test spint') id=1  is completed.
INFO  tasks.models  2023-03-15 22:27:41,228 Project ('My test project') id=None  is completed.
INFO  tasks.models  2023-03-15 22:27:41,228 Project ('My test project') id=1  is completed.
INFO  tasks.models  2023-03-15 22:27:41,308 Project ('My test project') id=None  is completed.
INFO  tasks.models  2023-03-15 22:27:41,308 Sprint ('My test spint') id=None  is completed.
INFO  tasks.models  2023-03-15 22:27:41,308 Sprint ('My test spint') id=1  is completed.
INFO  tasks.models  2023-03-15 22:28:02,840 Project ('My test project') id=None  is completed.
INFO  tasks.models  2023-03-15 22:28:02,840 Project ('My test project') id=1  is completed.
INFO  tasks.models  2023-03-15 22:28:02,920 Project ('My test project') id=None  is completed.
INFO  tasks.models  2023-03-15 22:28:02,920 Sprint ('My test spint') id=None  is completed.
INFO  tasks.models  2023-03-15 22:28:02,920 Sprint ('My test spint') id=1  is completed.
INFO  tasks.models  2023-03-15 22:28:16,776 Project ('My test project') id=None  is completed.
INFO  tasks.models  2023-03-15 22:28:16,776 Project ('My test project') id=1  is completed.
INFO  tasks.models  2023-03-15 22:28:16,856 Project ('My test project') id=None  is completed.
INFO  tasks.models  2023-03-15 22:28:16,856 Sprint ('My test spint') id=None  is completed.
INFO  tasks.models  2023-03-15 22:28:16,866 Sprint ('My test spint') id=1  is completed.
INFO  tasks.models  2023-03-15 22:28:31,652 Project ('My test project') id=None  is completed.
INFO  tasks.models  2023-03-15 22:28:31,652 Project ('My test project') id=1  is completed.
INFO  tasks.models  2023-03-15 22:28:31,732 Project ('My test project') id=None  is completed.
INFO  tasks.models  2023-03-15 22:28:31,732 Sprint ('My test spint') id=None  is completed.
INFO  tasks.models  2023-03-15 22:28:31,732 Sprint ('My test spint') id=1  is completed.
INFO  tasks.models  2023-03-15 22:34:49,116 Project ('My test project') id=None  is completed.
INFO  tasks.models  2023-03-15 22:34:49,116 Project ('My test project') id=1  is completed.
INFO  tasks.models  2023-03-15 22:34:49,196 Project ('My test project') id=None  is completed.
INFO  tasks.models  2023-03-15 22:34:49,206 Sprint ('My test spint') id=None  is completed.
INFO  tasks.models  2023-03-15 22:34:49,206 Sprint ('My test spint') id=1  is completed.
INFO  tasks.models  2023-03-15 22:34:49,286 Project ('My test project') id=None  is completed.
INFO  tasks.models  2023-03-15 22:35:36,187 Project ('My test project') id=None  is completed.
INFO  tasks.models  2023-03-15 22:35:36,187 Project ('My test project') id=1  is completed.
INFO  tasks.models  2023-03-15 22:35:36,267 Project ('My test project') id=None  is completed.
INFO  tasks.models  2023-03-15 22:35:36,267 Sprint ('My test spint') id=None  is completed.
INFO  tasks.models  2023-03-15 22:35:36,267 Sprint ('My test spint') id=1  is completed.
INFO  tasks.models  2023-03-15 22:35:36,347 Project ('My test project') id=None  is completed.
INFO  tasks.models  2023-03-15 22:36:08,742 Project ('My test project') id=None  is completed.
INFO  tasks.models  2023-03-15 22:36:08,742 Project ('My test project') id=1  is completed.
INFO  tasks.models  2023-03-15 22:36:08,822 Project ('My test project') id=None  is completed.
INFO  tasks.models  2023-03-15 22:36:08,822 Sprint ('My test spint') id=None  is completed.
INFO  tasks.models  2023-03-15 22:36:08,832 Sprint ('My test spint') id=1  is completed.
INFO  tasks.models  2023-03-15 22:36:08,902 Project ('My test project') id=None  is completed.
INFO  tasks.models  2023-03-15 22:36:38,154 Project ('My test project') id=None  is completed.
INFO  tasks.models  2023-03-15 22:36:38,154 Project ('My test project') id=1  is completed.
INFO  tasks.models  2023-03-15 22:36:38,234 Project ('My test project') id=None  is completed.
INFO  tasks.models  2023-03-15 22:36:38,234 Sprint ('My test spint') id=None  is completed.
INFO  tasks.models  2023-03-15 22:36:38,234 Sprint ('My test spint') id=1  is completed.
INFO  tasks.models  2023-03-15 22:37:14,830 Project ('My test project') id=None  is completed.
INFO  tasks.models  2023-03-15 22:37:14,840 Project ('My test project') id=1  is completed.
INFO  tasks.models  2023-03-15 22:37:14,910 Project ('My test project') id=None  is completed.
INFO  tasks.models  2023-03-15 22:37:14,910 Sprint ('My test spint') id=None  is completed.
INFO  tasks.models  2023-03-15 22:37:14,920 Sprint ('My test spint') id=1  is completed.
INFO  tasks.models  2023-03-15 22:37:59,094 Project ('My test project') id=None  is completed.
INFO  tasks.models  2023-03-15 22:37:59,094 Project ('My test project') id=1  is completed.
INFO  tasks.models  2023-03-15 22:37:59,174 Project ('My test project') id=None  is completed.
INFO  tasks.models  2023-03-15 22:37:59,174 Sprint ('My test spint') id=None  is completed.
INFO  tasks.models  2023-03-15 22:37:59,174 Sprint ('My test spint') id=1  is completed.
INFO  tasks.models  2023-03-15 22:38:57,398 Project ('My test project') id=None  is completed.
INFO  tasks.models  2023-03-15 22:38:57,398 Project ('My test project') id=1  is completed.
INFO  tasks.models  2023-03-15 22:38:57,468 Project ('My test project') id=None  is completed.
INFO  tasks.models  2023-03-15 22:38:57,468 Sprint ('My test spint') id=None  is completed.
INFO  tasks.models  2023-03-15 22:38:57,478 Sprint ('My test spint') id=1  is completed.
INFO  tasks.models  2023-03-15 22:39:20,844 Project ('My test project') id=None  is completed.
INFO  tasks.models  2023-03-15 22:39:20,854 Project ('My test project') id=1  is completed.
INFO  tasks.models  2023-03-15 22:39:20,924 Project ('My test project') id=None  is completed.
INFO  tasks.models  2023-03-15 22:39:20,924 Sprint ('My test spint') id=None  is completed.
INFO  tasks.models  2023-03-15 22:39:20,934 Sprint ('My test spint') id=1  is completed.
INFO  tasks.models  2023-03-15 22:39:57,642 Project ('My test project') id=None  is completed.
INFO  tasks.models  2023-03-15 22:39:57,642 Project ('My test project') id=1  is completed.
INFO  tasks.models  2023-03-15 22:39:57,722 Project ('My test project') id=None  is completed.
INFO  tasks.models  2023-03-15 22:39:57,722 Sprint ('My test spint') id=None  is completed.
INFO  tasks.models  2023-03-15 22:39:57,722 Sprint ('My test spint') id=1  is completed.
INFO  tasks.models  2023-03-15 22:40:23,989 Project ('My test project') id=None  is completed.
INFO  tasks.models  2023-03-15 22:40:23,989 Project ('My test project') id=1  is completed.
INFO  tasks.models  2023-03-15 22:40:24,069 Project ('My test project') id=None  is completed.
INFO  tasks.models  2023-03-15 22:40:24,069 Sprint ('My test spint') id=None  is completed.
INFO  tasks.models  2023-03-15 22:40:24,069 Sprint ('My test spint') id=1  is completed.
INFO  tasks.models  2023-03-15 22:41:43,693 Project ('My test project') id=None  is completed.
INFO  tasks.models  2023-03-15 22:41:43,693 Project ('My test project') id=1  is completed.
INFO  tasks.models  2023-03-15 22:41:43,773 Project ('My test project') id=None  is completed.
INFO  tasks.models  2023-03-15 22:41:43,773 Sprint ('My test spint') id=None  is completed.
INFO  tasks.models  2023-03-15 22:41:43,773 Sprint ('My test spint') id=1  is completed.
INFO  tasks.models  2023-03-15 22:42:03,939 Project ('My test project') id=None  is completed.
INFO  tasks.models  2023-03-15 22:42:03,939 Project ('My test project') id=1  is completed.
INFO  tasks.models  2023-03-15 22:42:04,019 Project ('My test project') id=None  is completed.
INFO  tasks.models  2023-03-15 22:42:04,019 Sprint ('My test spint') id=None  is completed.
INFO  tasks.models  2023-03-15 22:42:04,019 Sprint ('My test spint') id=1  is completed.
INFO  tasks.models  2023-03-15 22:44:50,225 Project ('My test project') id=None  is completed.
INFO  tasks.models  2023-03-15 22:44:50,225 Project ('My test project') id=1  is completed.
INFO  tasks.models  2023-03-15 22:44:50,305 Project ('My test project') id=None  is completed.
INFO  tasks.models  2023-03-15 22:44:50,305 Sprint ('My test spint') id=None  is completed.
INFO  tasks.models  2023-03-15 22:44:50,305 Sprint ('My test spint') id=1  is completed.
INFO  tasks.models  2023-03-15 22:48:47,658 Project ('My test project') id=None  is completed.
INFO  tasks.models  2023-03-15 22:48:47,658 Project ('My test project') id=1  is completed.
INFO  tasks.models  2023-03-15 22:48:47,738 Project ('My test project') id=None  is completed.
INFO  tasks.models  2023-03-15 22:48:47,738 Sprint ('My test spint') id=None  is completed.
INFO  tasks.models  2023-03-15 22:48:47,738 Sprint ('My test spint') id=1  is completed.
INFO  tasks.models  2023-03-15 22:54:47,187 Project ('My test project') id=None  is completed.
INFO  tasks.models  2023-03-15 22:54:47,187 Project ('My test project') id=1  is completed.
INFO  tasks.models  2023-03-15 22:54:47,267 Project ('My test project') id=None  is completed.
INFO  tasks.models  2023-03-15 22:54:47,267 Sprint ('My test spint') id=None  is completed.
INFO  tasks.models  2023-03-15 22:54:47,267 Sprint ('My test spint') id=1  is completed.
INFO  tasks.models  2023-03-16 00:47:24,603 Project ('проект 3') id=3  is completed.
INFO  tasks.models  2023-03-16 01:00:08,690 Project ('проект 3') id=4  is completed.
INFO  tasks.models  2023-03-16 01:00:25,202 Project ('проект 3') id=4  is completed.
